<?xml version="1.0" encoding="UTF-8"?>
<!-- Generated by org.testng.reporters.JUnitReportReporter -->
<testsuite hostname="DESKTOP-PPERJRJ" failures="0" tests="1" name="demoBanking.testCases.HomePageTC_002" time="9.491" errors="0" timestamp="2024-01-27T12:04:10 IST" skipped="0">
  <testcase classname="demoBanking.testCases.HomePageTC_002" name="Home_page" time="9.491"/>
</testsuite> <!-- demoBanking.testCases.HomePageTC_002 -->
