<?xml version="1.0" encoding="UTF-8"?>
<!-- Generated by org.testng.reporters.JUnitReportReporter -->
<testsuite hostname="DESKTOP-PPERJRJ" failures="0" tests="2" name="demoBanking.testCases.LoginTC_001" time="33.046" errors="0" timestamp="2024-01-27T12:04:10 IST" skipped="0">
  <testcase classname="demoBanking.testCases.LoginTC_001" name="Login_page" time="9.210"/>
  <testcase classname="demoBanking.testCases.LoginTC_001" name="dummy" time="23.836"/>
</testsuite> <!-- demoBanking.testCases.LoginTC_001 -->
