<?xml version="1.0" encoding="UTF-8"?>
<!-- Generated by org.testng.reporters.JUnitReportReporter -->
<testsuite hostname="DESKTOP-PPERJRJ" failures="0" tests="1" name="demoBanking.testCases.HomePageTC_002" time="15.869" errors="0" timestamp="2024-01-21T22:00:37 IST" skipped="0">
  <testcase classname="demoBanking.testCases.HomePageTC_002" name="Home_page" time="15.869"/>
</testsuite> <!-- demoBanking.testCases.HomePageTC_002 -->
