<?xml version="1.0" encoding="UTF-8"?>
<!-- Generated by org.testng.reporters.JUnitReportReporter -->
<testsuite hostname="DESKTOP-PPERJRJ" failures="0" tests="1" name="demoBanking.testCases.LoginTC_001" time="27.347" errors="0" timestamp="2024-01-21T22:00:37 IST" skipped="0">
  <testcase classname="demoBanking.testCases.LoginTC_001" name="Login_page" time="27.347"/>
</testsuite> <!-- demoBanking.testCases.LoginTC_001 -->
